# qmidx for ~/etc
1609219055 QmS98iPhR6EyRjsV78ECh81au9endGCMbkD9k5UNqnTSpg crontab-l.txt
1610690810 QmS98iPhR6EyRjsV78ECh81au9endGCMbkD9k5UNqnTSpg crontab-l.txt
1609223986 QmRDV6T2hJgd2hzie5gDF8Gojou8d94zx1fsN5CT9CLa2L 1490 daily
1622522201 QmRBZHHnPAfCQM44QmnQxR5vhfEFeXALMWa6w4oCnyiaxF 1261 crontab-l.txt
1622522201 QmRDV6T2hJgd2hzie5gDF8Gojou8d94zx1fsN5CT9CLa2L -1 daily
1622522241 QmRDV6T2hJgd2hzie5gDF8Gojou8d94zx1fsN5CT9CLa2L -1 daily
1622522302 QmbFjrKC1AEL4QLjxNHVeAcVuczMBFMMm16bPa2Cah3M7Y -1 daily
1622522320 QmbFjrKC1AEL4QLjxNHVeAcVuczMBFMMm16bPa2Cah3M7Y -1 daily
1622522360 QmfZ1eew13qn9qDTN1akSNdhvtCGsEwD8e1s4xMbLoh3N4 -1 daily
1622522537 QmeVcf98JZ3P8kfxZpt8uRcRLCaHBqSwpbBL6GuDFNBWgY -1 daily
1622522745 QmRBZHHnPAfCQM44QmnQxR5vhfEFeXALMWa6w4oCnyiaxF 1261 crontab-l.txt
1622522745 QmX3gsc41kjHbdxz9acikfC8eJzLMoxqfLxckaXzcpqALt -1 daily
1623484695 QmRBZHHnPAfCQM44QmnQxR5vhfEFeXALMWa6w4oCnyiaxF -1 crontab-l.txt
1623484695 QmNoRCvGNqMEa9hUpCjVcxj9GkiQCCTGiv4J4viE7FGpDV -1 daily
1642495208 QmXd5gzNaXxjB6zX6kRT1JAqpfUjZQzqwGcYzkX2nVfDba -1 crontab-l.txt
1642495182 QmTuYCrgw5adAYvV6ykVL1LFDh1D1EKsDhwZneHycgnnN9 2561 daily
1699018260 QmXvnhfL1XhSg8hcWfW3vCEVzqGkAaXn9mVjoMsnkbDVMk -1 crontab-l.txt
1667321954 QmNoRCvGNqMEa9hUpCjVcxj9GkiQCCTGiv4J4viE7FGpDV 2453 daily
1702587231 QmXvnhfL1XhSg8hcWfW3vCEVzqGkAaXn9mVjoMsnkbDVMk -1 crontab-l.txt
1703073305 QmXvnhfL1XhSg8hcWfW3vCEVzqGkAaXn9mVjoMsnkbDVMk -1 crontab-l.txt
1703073305 QmTJtDwXFEobRbKzkdoicWBGAz16sSyPGfTS3LbCn1CHz9 -1 daily
